<?xml version="1.0" encoding="UTF-8"?>
<coverage generated="1747827365645" clover="3.2.0">
  <project timestamp="1747827365645" name="All files">
    <metrics statements="61" coveredstatements="61" conditionals="26" coveredconditionals="26" methods="16" coveredmethods="16" elements="103" coveredelements="103" complexity="0" loc="61" ncloc="61" packages="1" files="3" classes="3"/>
    <file name="genDiff.js" path="/home/bargest/Документы/fons/proj/frontend-project-46/src/genDiff.js">
      <metrics statements="20" coveredstatements="20" conditionals="15" coveredconditionals="15" methods="3" coveredmethods="3"/>
      <line num="4" count="1" type="stmt"/>
      <line num="5" count="12" type="stmt"/>
      <line num="7" count="12" type="cond" truecount="2" falsecount="0"/>
      <line num="8" count="11" type="stmt"/>
      <line num="9" count="37" type="stmt"/>
      <line num="10" count="37" type="stmt"/>
      <line num="12" count="37" type="cond" truecount="2" falsecount="0"/>
      <line num="13" count="4" type="stmt"/>
      <line num="16" count="33" type="cond" truecount="2" falsecount="0"/>
      <line num="17" count="10" type="stmt"/>
      <line num="20" count="23" type="cond" truecount="4" falsecount="0"/>
      <line num="21" count="8" type="stmt"/>
      <line num="24" count="15" type="cond" truecount="2" falsecount="0"/>
      <line num="25" count="8" type="stmt"/>
      <line num="28" count="7" type="stmt"/>
      <line num="34" count="1" type="cond" truecount="1" falsecount="0"/>
      <line num="35" count="2" type="stmt"/>
      <line num="36" count="2" type="cond" truecount="2" falsecount="0"/>
      <line num="38" count="1" type="stmt"/>
      <line num="40" count="1" type="stmt"/>
    </file>
    <file name="parsers.js" path="/home/bargest/Документы/fons/proj/frontend-project-46/src/parsers.js">
      <metrics statements="15" coveredstatements="15" conditionals="2" coveredconditionals="2" methods="6" coveredmethods="6"/>
      <line num="6" count="1" type="stmt"/>
      <line num="7" count="2" type="stmt"/>
      <line num="8" count="4" type="stmt"/>
      <line num="9" count="1" type="stmt"/>
      <line num="12" count="1" type="stmt"/>
      <line num="13" count="7" type="stmt"/>
      <line num="14" count="7" type="cond" truecount="2" falsecount="0"/>
      <line num="16" count="1" type="stmt"/>
      <line num="19" count="1" type="stmt"/>
      <line num="20" count="7" type="stmt"/>
      <line num="21" count="7" type="stmt"/>
      <line num="22" count="7" type="stmt"/>
      <line num="23" count="7" type="stmt"/>
      <line num="26" count="1" type="stmt"/>
      <line num="27" count="2" type="stmt"/>
    </file>
    <file name="stylish.js" path="/home/bargest/Документы/fons/proj/frontend-project-46/src/stylish.js">
      <metrics statements="26" coveredstatements="26" conditionals="9" coveredconditionals="9" methods="7" coveredmethods="7"/>
      <line num="3" count="2" type="stmt"/>
      <line num="5" count="26" type="stmt"/>
      <line num="6" count="12" type="stmt"/>
      <line num="8" count="2" type="stmt"/>
      <line num="9" count="27" type="cond" truecount="2" falsecount="0"/>
      <line num="10" count="20" type="stmt"/>
      <line num="13" count="7" type="stmt"/>
      <line num="14" count="7" type="stmt"/>
      <line num="16" count="7" type="stmt"/>
      <line num="17" count="7" type="stmt"/>
      <line num="18" count="9" type="stmt"/>
      <line num="21" count="7" type="stmt"/>
      <line num="24" count="2" type="stmt"/>
      <line num="25" count="19" type="stmt"/>
      <line num="26" count="19" type="stmt"/>
      <line num="28" count="19" type="cond" truecount="6" falsecount="0"/>
      <line num="30" count="5" type="stmt"/>
      <line num="33" count="2" type="stmt"/>
      <line num="36" count="3" type="stmt"/>
      <line num="39" count="4" type="stmt"/>
      <line num="45" count="4" type="stmt"/>
      <line num="48" count="1" type="stmt"/>
      <line num="52" count="2" type="cond" truecount="1" falsecount="0"/>
      <line num="53" count="19" type="stmt"/>
      <line num="54" count="5" type="stmt"/>
      <line num="55" count="5" type="stmt"/>
    </file>
  </project>
</coverage>
