{"/home/bargest/Документы/fons/proj/frontend-project-46/src/genDiff.js": {"path":"/home/bargest/Документы/fons/proj/frontend-project-46/src/genDiff.js","statementMap":{"0":{"start":{"line":4,"column":18},"end":{"line":31,"column":1}},"1":{"start":{"line":5,"column":17},"end":{"line":5,"column":82}},"2":{"start":{"line":7,"column":4},"end":{"line":7,"column":35}},"3":{"start":{"line":7,"column":26},"end":{"line":7,"column":35}},"4":{"start":{"line":8,"column":4},"end":{"line":30,"column":6}},"5":{"start":{"line":9,"column":21},"end":{"line":9,"column":30}},"6":{"start":{"line":10,"column":21},"end":{"line":10,"column":30}},"7":{"start":{"line":12,"column":8},"end":{"line":14,"column":9}},"8":{"start":{"line":13,"column":12},"end":{"line":13,"column":56}},"9":{"start":{"line":16,"column":8},"end":{"line":18,"column":9}},"10":{"start":{"line":17,"column":12},"end":{"line":17,"column":55}},"11":{"start":{"line":20,"column":8},"end":{"line":22,"column":9}},"12":{"start":{"line":21,"column":12},"end":{"line":21,"column":76}},"13":{"start":{"line":24,"column":8},"end":{"line":26,"column":9}},"14":{"start":{"line":25,"column":12},"end":{"line":25,"column":76}},"15":{"start":{"line":28,"column":8},"end":{"line":28,"column":55}},"16":{"start":{"line":34,"column":16},"end":{"line":42,"column":1}},"17":{"start":{"line":35,"column":21},"end":{"line":35,"column":42}},"18":{"start":{"line":36,"column":4},"end":{"line":41,"column":5}},"19":{"start":{"line":38,"column":12},"end":{"line":38,"column":43}},"20":{"start":{"line":40,"column":12},"end":{"line":40,"column":56}}},"fnMap":{"0":{"name":"(anonymous_0)","decl":{"start":{"line":4,"column":18},"end":{"line":4,"column":19}},"loc":{"start":{"line":4,"column":34},"end":{"line":31,"column":1}},"line":4},"1":{"name":"(anonymous_1)","decl":{"start":{"line":8,"column":20},"end":{"line":8,"column":21}},"loc":{"start":{"line":8,"column":29},"end":{"line":30,"column":5}},"line":8},"2":{"name":"(anonymous_2)","decl":{"start":{"line":34,"column":16},"end":{"line":34,"column":17}},"loc":{"start":{"line":34,"column":52},"end":{"line":42,"column":1}},"line":34}},"branchMap":{"0":{"loc":{"start":{"line":7,"column":4},"end":{"line":7,"column":35}},"type":"if","locations":[{"start":{"line":7,"column":4},"end":{"line":7,"column":35}},{"start":{},"end":{}}],"line":7},"1":{"loc":{"start":{"line":12,"column":8},"end":{"line":14,"column":9}},"type":"if","locations":[{"start":{"line":12,"column":8},"end":{"line":14,"column":9}},{"start":{},"end":{}}],"line":12},"2":{"loc":{"start":{"line":16,"column":8},"end":{"line":18,"column":9}},"type":"if","locations":[{"start":{"line":16,"column":8},"end":{"line":18,"column":9}},{"start":{},"end":{}}],"line":16},"3":{"loc":{"start":{"line":20,"column":8},"end":{"line":22,"column":9}},"type":"if","locations":[{"start":{"line":20,"column":8},"end":{"line":22,"column":9}},{"start":{},"end":{}}],"line":20},"4":{"loc":{"start":{"line":20,"column":11},"end":{"line":20,"column":47}},"type":"binary-expr","locations":[{"start":{"line":20,"column":11},"end":{"line":20,"column":27}},{"start":{"line":20,"column":31},"end":{"line":20,"column":47}}],"line":20},"5":{"loc":{"start":{"line":24,"column":8},"end":{"line":26,"column":9}},"type":"if","locations":[{"start":{"line":24,"column":8},"end":{"line":26,"column":9}},{"start":{},"end":{}}],"line":24},"6":{"loc":{"start":{"line":34,"column":29},"end":{"line":34,"column":47}},"type":"default-arg","locations":[{"start":{"line":34,"column":38},"end":{"line":34,"column":47}}],"line":34},"7":{"loc":{"start":{"line":36,"column":4},"end":{"line":41,"column":5}},"type":"switch","locations":[{"start":{"line":37,"column":8},"end":{"line":38,"column":43}},{"start":{"line":39,"column":8},"end":{"line":40,"column":56}}],"line":36}},"s":{"0":1,"1":12,"2":12,"3":1,"4":11,"5":37,"6":37,"7":37,"8":4,"9":33,"10":10,"11":23,"12":8,"13":15,"14":8,"15":7,"16":1,"17":2,"18":2,"19":1,"20":1},"f":{"0":12,"1":37,"2":2},"b":{"0":[1,11],"1":[4,33],"2":[10,23],"3":[8,15],"4":[23,10],"5":[8,7],"6":[1],"7":[1,1]},"_coverageSchema":"1a1c01bbd47fc00a2c39e90264f33305004495a9","hash":"0ab7a7c7ff344f6a25242920463353dbf521a1f9"}
,"/home/bargest/Документы/fons/proj/frontend-project-46/src/parsers.js": {"path":"/home/bargest/Документы/fons/proj/frontend-project-46/src/parsers.js","statementMap":{"0":{"start":{"line":6,"column":16},"end":{"line":10,"column":1}},"1":{"start":{"line":7,"column":24},"end":{"line":7,"column":43}},"2":{"start":{"line":8,"column":24},"end":{"line":8,"column":43}},"3":{"start":{"line":9,"column":24},"end":{"line":9,"column":31}},"4":{"start":{"line":12,"column":16},"end":{"line":17,"column":1}},"5":{"start":{"line":13,"column":23},"end":{"line":13,"column":76}},"6":{"start":{"line":14,"column":2},"end":{"line":14,"column":54}},"7":{"start":{"line":14,"column":34},"end":{"line":14,"column":54}},"8":{"start":{"line":16,"column":2},"end":{"line":16,"column":48}},"9":{"start":{"line":19,"column":21},"end":{"line":24,"column":1}},"10":{"start":{"line":20,"column":23},"end":{"line":20,"column":40}},"11":{"start":{"line":21,"column":14},"end":{"line":21,"column":54}},"12":{"start":{"line":22,"column":18},"end":{"line":22,"column":56}},"13":{"start":{"line":23,"column":2},"end":{"line":23,"column":31}},"14":{"start":{"line":26,"column":24},"end":{"line":31,"column":1}},"15":{"start":{"line":27,"column":2},"end":{"line":30,"column":3}}},"fnMap":{"0":{"name":"(anonymous_0)","decl":{"start":{"line":7,"column":11},"end":{"line":7,"column":12}},"loc":{"start":{"line":7,"column":24},"end":{"line":7,"column":43}},"line":7},"1":{"name":"(anonymous_1)","decl":{"start":{"line":8,"column":11},"end":{"line":8,"column":12}},"loc":{"start":{"line":8,"column":24},"end":{"line":8,"column":43}},"line":8},"2":{"name":"(anonymous_2)","decl":{"start":{"line":9,"column":11},"end":{"line":9,"column":12}},"loc":{"start":{"line":9,"column":24},"end":{"line":9,"column":31}},"line":9},"3":{"name":"(anonymous_3)","decl":{"start":{"line":12,"column":16},"end":{"line":12,"column":17}},"loc":{"start":{"line":12,"column":30},"end":{"line":17,"column":1}},"line":12},"4":{"name":"(anonymous_4)","decl":{"start":{"line":19,"column":21},"end":{"line":19,"column":22}},"loc":{"start":{"line":19,"column":35},"end":{"line":24,"column":1}},"line":19},"5":{"name":"(anonymous_5)","decl":{"start":{"line":26,"column":24},"end":{"line":26,"column":25}},"loc":{"start":{"line":26,"column":42},"end":{"line":31,"column":1}},"line":26}},"branchMap":{"0":{"loc":{"start":{"line":14,"column":2},"end":{"line":14,"column":54}},"type":"if","locations":[{"start":{"line":14,"column":2},"end":{"line":14,"column":54}},{"start":{},"end":{}}],"line":14}},"s":{"0":1,"1":2,"2":4,"3":1,"4":1,"5":7,"6":7,"7":6,"8":1,"9":1,"10":7,"11":7,"12":7,"13":7,"14":1,"15":2},"f":{"0":2,"1":4,"2":1,"3":7,"4":7,"5":2},"b":{"0":[6,1]},"_coverageSchema":"1a1c01bbd47fc00a2c39e90264f33305004495a9","hash":"7b7d696f5c53f07e86ad988885ef9a38353e58ff"}
,"/home/bargest/Документы/fons/proj/frontend-project-46/src/stylish.js": {"path":"/home/bargest/Документы/fons/proj/frontend-project-46/src/stylish.js","statementMap":{"0":{"start":{"line":3,"column":20},"end":{"line":3,"column":21}},"1":{"start":{"line":5,"column":18},"end":{"line":5,"column":64}},"2":{"start":{"line":5,"column":29},"end":{"line":5,"column":64}},"3":{"start":{"line":6,"column":25},"end":{"line":6,"column":73}},"4":{"start":{"line":6,"column":36},"end":{"line":6,"column":73}},"5":{"start":{"line":8,"column":20},"end":{"line":22,"column":1}},"6":{"start":{"line":9,"column":2},"end":{"line":11,"column":3}},"7":{"start":{"line":10,"column":4},"end":{"line":10,"column":25}},"8":{"start":{"line":13,"column":17},"end":{"line":13,"column":37}},"9":{"start":{"line":14,"column":24},"end":{"line":14,"column":51}},"10":{"start":{"line":16,"column":15},"end":{"line":16,"column":33}},"11":{"start":{"line":17,"column":16},"end":{"line":19,"column":4}},"12":{"start":{"line":18,"column":4},"end":{"line":18,"column":69}},"13":{"start":{"line":21,"column":2},"end":{"line":21,"column":53}},"14":{"start":{"line":24,"column":19},"end":{"line":50,"column":1}},"15":{"start":{"line":25,"column":17},"end":{"line":25,"column":33}},"16":{"start":{"line":26,"column":18},"end":{"line":26,"column":22}},"17":{"start":{"line":28,"column":2},"end":{"line":49,"column":3}},"18":{"start":{"line":30,"column":6},"end":{"line":30,"column":68}},"19":{"start":{"line":33,"column":6},"end":{"line":33,"column":68}},"20":{"start":{"line":36,"column":6},"end":{"line":36,"column":67}},"21":{"start":{"line":39,"column":6},"end":{"line":42,"column":8}},"22":{"start":{"line":45,"column":6},"end":{"line":45,"column":77}},"23":{"start":{"line":48,"column":6},"end":{"line":48,"column":52}},"24":{"start":{"line":52,"column":22},"end":{"line":56,"column":1}},"25":{"start":{"line":53,"column":16},"end":{"line":53,"column":63}},"26":{"start":{"line":53,"column":39},"end":{"line":53,"column":62}},"27":{"start":{"line":54,"column":24},"end":{"line":54,"column":47}},"28":{"start":{"line":55,"column":2},"end":{"line":55,"column":53}}},"fnMap":{"0":{"name":"(anonymous_0)","decl":{"start":{"line":5,"column":18},"end":{"line":5,"column":19}},"loc":{"start":{"line":5,"column":29},"end":{"line":5,"column":64}},"line":5},"1":{"name":"(anonymous_1)","decl":{"start":{"line":6,"column":25},"end":{"line":6,"column":26}},"loc":{"start":{"line":6,"column":36},"end":{"line":6,"column":73}},"line":6},"2":{"name":"(anonymous_2)","decl":{"start":{"line":8,"column":20},"end":{"line":8,"column":21}},"loc":{"start":{"line":8,"column":38},"end":{"line":22,"column":1}},"line":8},"3":{"name":"(anonymous_3)","decl":{"start":{"line":17,"column":25},"end":{"line":17,"column":26}},"loc":{"start":{"line":17,"column":34},"end":{"line":19,"column":3}},"line":17},"4":{"name":"(anonymous_4)","decl":{"start":{"line":24,"column":19},"end":{"line":24,"column":20}},"loc":{"start":{"line":24,"column":36},"end":{"line":50,"column":1}},"line":24},"5":{"name":"(anonymous_5)","decl":{"start":{"line":52,"column":22},"end":{"line":52,"column":23}},"loc":{"start":{"line":52,"column":43},"end":{"line":56,"column":1}},"line":52},"6":{"name":"(anonymous_6)","decl":{"start":{"line":53,"column":29},"end":{"line":53,"column":30}},"loc":{"start":{"line":53,"column":39},"end":{"line":53,"column":62}},"line":53}},"branchMap":{"0":{"loc":{"start":{"line":9,"column":2},"end":{"line":11,"column":3}},"type":"if","locations":[{"start":{"line":9,"column":2},"end":{"line":11,"column":3}},{"start":{},"end":{}}],"line":9},"1":{"loc":{"start":{"line":28,"column":2},"end":{"line":49,"column":3}},"type":"switch","locations":[{"start":{"line":29,"column":4},"end":{"line":30,"column":68}},{"start":{"line":32,"column":4},"end":{"line":33,"column":68}},{"start":{"line":35,"column":4},"end":{"line":36,"column":67}},{"start":{"line":38,"column":4},"end":{"line":42,"column":8}},{"start":{"line":44,"column":4},"end":{"line":45,"column":77}},{"start":{"line":47,"column":4},"end":{"line":48,"column":52}}],"line":28},"2":{"loc":{"start":{"line":52,"column":29},"end":{"line":52,"column":38}},"type":"default-arg","locations":[{"start":{"line":52,"column":37},"end":{"line":52,"column":38}}],"line":52}},"s":{"0":2,"1":2,"2":26,"3":2,"4":12,"5":2,"6":27,"7":20,"8":7,"9":7,"10":7,"11":7,"12":9,"13":7,"14":2,"15":19,"16":19,"17":19,"18":5,"19":2,"20":3,"21":4,"22":4,"23":1,"24":2,"25":6,"26":19,"27":5,"28":5},"f":{"0":26,"1":12,"2":27,"3":9,"4":19,"5":6,"6":19},"b":{"0":[20,7],"1":[5,2,3,4,4,1],"2":[2]},"_coverageSchema":"1a1c01bbd47fc00a2c39e90264f33305004495a9","hash":"99e5be27ed7c993398ff926c18bc143dbc6e7f07"}
}
