{"/home/bargest/Документы/fons/proj/frontend-project-46/src/genDiff.js": {"path":"/home/bargest/Документы/fons/proj/frontend-project-46/src/genDiff.js","statementMap":{"0":{"start":{"line":1,"column":16},"end":{"line":23,"column":1}},"1":{"start":{"line":2,"column":20},"end":{"line":5,"column":42}},"2":{"start":{"line":5,"column":23},"end":{"line":5,"column":41}},"3":{"start":{"line":7,"column":17},"end":{"line":7,"column":19}},"4":{"start":{"line":9,"column":4},"end":{"line":20,"column":7}},"5":{"start":{"line":10,"column":21},"end":{"line":10,"column":31}},"6":{"start":{"line":11,"column":21},"end":{"line":11,"column":31}},"7":{"start":{"line":13,"column":24},"end":{"line":13,"column":37}},"8":{"start":{"line":14,"column":8},"end":{"line":19,"column":9}},"9":{"start":{"line":15,"column":12},"end":{"line":15,"column":45}},"10":{"start":{"line":17,"column":12},"end":{"line":17,"column":68}},"11":{"start":{"line":17,"column":35},"end":{"line":17,"column":68}},"12":{"start":{"line":18,"column":12},"end":{"line":18,"column":68}},"13":{"start":{"line":18,"column":35},"end":{"line":18,"column":68}},"14":{"start":{"line":22,"column":4},"end":{"line":22,"column":27}}},"fnMap":{"0":{"name":"(anonymous_0)","decl":{"start":{"line":1,"column":16},"end":{"line":1,"column":17}},"loc":{"start":{"line":1,"column":34},"end":{"line":23,"column":1}},"line":1},"1":{"name":"(anonymous_1)","decl":{"start":{"line":5,"column":13},"end":{"line":5,"column":14}},"loc":{"start":{"line":5,"column":23},"end":{"line":5,"column":41}},"line":5},"2":{"name":"(anonymous_2)","decl":{"start":{"line":9,"column":20},"end":{"line":9,"column":21}},"loc":{"start":{"line":9,"column":27},"end":{"line":20,"column":5}},"line":9}},"branchMap":{"0":{"loc":{"start":{"line":14,"column":8},"end":{"line":19,"column":9}},"type":"if","locations":[{"start":{"line":14,"column":8},"end":{"line":19,"column":9}},{"start":{"line":16,"column":13},"end":{"line":19,"column":9}}],"line":14},"1":{"loc":{"start":{"line":17,"column":12},"end":{"line":17,"column":68}},"type":"if","locations":[{"start":{"line":17,"column":12},"end":{"line":17,"column":68}},{"start":{},"end":{}}],"line":17},"2":{"loc":{"start":{"line":18,"column":12},"end":{"line":18,"column":68}},"type":"if","locations":[{"start":{"line":18,"column":12},"end":{"line":18,"column":68}},{"start":{},"end":{}}],"line":18}},"s":{"0":1,"1":3,"2":12,"3":3,"4":3,"5":8,"6":8,"7":8,"8":8,"9":1,"10":7,"11":5,"12":7,"13":4,"14":3},"f":{"0":3,"1":12,"2":8},"b":{"0":[1,7],"1":[5,2],"2":[4,3]},"_coverageSchema":"1a1c01bbd47fc00a2c39e90264f33305004495a9","hash":"c2e6ff27d367118fa0979b08af64d419d693dbf7"}
,"/home/bargest/Документы/fons/proj/frontend-project-46/src/parsers.js": {"path":"/home/bargest/Документы/fons/proj/frontend-project-46/src/parsers.js","statementMap":{"0":{"start":{"line":6,"column":16},"end":{"line":10,"column":1}},"1":{"start":{"line":7,"column":24},"end":{"line":7,"column":43}},"2":{"start":{"line":8,"column":24},"end":{"line":8,"column":43}},"3":{"start":{"line":9,"column":24},"end":{"line":9,"column":31}},"4":{"start":{"line":12,"column":16},"end":{"line":19,"column":1}},"5":{"start":{"line":13,"column":2},"end":{"line":13,"column":48}},"6":{"start":{"line":13,"column":32},"end":{"line":13,"column":48}},"7":{"start":{"line":15,"column":23},"end":{"line":15,"column":76}},"8":{"start":{"line":16,"column":2},"end":{"line":16,"column":54}},"9":{"start":{"line":16,"column":34},"end":{"line":16,"column":54}},"10":{"start":{"line":18,"column":2},"end":{"line":18,"column":48}},"11":{"start":{"line":21,"column":21},"end":{"line":26,"column":1}},"12":{"start":{"line":22,"column":23},"end":{"line":22,"column":40}},"13":{"start":{"line":23,"column":14},"end":{"line":23,"column":54}},"14":{"start":{"line":24,"column":18},"end":{"line":24,"column":56}},"15":{"start":{"line":25,"column":2},"end":{"line":25,"column":31}},"16":{"start":{"line":28,"column":22},"end":{"line":33,"column":1}},"17":{"start":{"line":29,"column":2},"end":{"line":32,"column":3}}},"fnMap":{"0":{"name":"(anonymous_0)","decl":{"start":{"line":7,"column":11},"end":{"line":7,"column":12}},"loc":{"start":{"line":7,"column":24},"end":{"line":7,"column":43}},"line":7},"1":{"name":"(anonymous_1)","decl":{"start":{"line":8,"column":11},"end":{"line":8,"column":12}},"loc":{"start":{"line":8,"column":24},"end":{"line":8,"column":43}},"line":8},"2":{"name":"(anonymous_2)","decl":{"start":{"line":9,"column":11},"end":{"line":9,"column":12}},"loc":{"start":{"line":9,"column":24},"end":{"line":9,"column":31}},"line":9},"3":{"name":"(anonymous_3)","decl":{"start":{"line":12,"column":16},"end":{"line":12,"column":17}},"loc":{"start":{"line":12,"column":30},"end":{"line":19,"column":1}},"line":12},"4":{"name":"(anonymous_4)","decl":{"start":{"line":21,"column":21},"end":{"line":21,"column":22}},"loc":{"start":{"line":21,"column":35},"end":{"line":26,"column":1}},"line":21},"5":{"name":"(anonymous_5)","decl":{"start":{"line":28,"column":22},"end":{"line":28,"column":23}},"loc":{"start":{"line":28,"column":40},"end":{"line":33,"column":1}},"line":28}},"branchMap":{"0":{"loc":{"start":{"line":13,"column":2},"end":{"line":13,"column":48}},"type":"if","locations":[{"start":{"line":13,"column":2},"end":{"line":13,"column":48}},{"start":{},"end":{}}],"line":13},"1":{"loc":{"start":{"line":16,"column":2},"end":{"line":16,"column":54}},"type":"if","locations":[{"start":{"line":16,"column":2},"end":{"line":16,"column":54}},{"start":{},"end":{}}],"line":16}},"s":{"0":1,"1":6,"2":2,"3":2,"4":1,"5":10,"6":1,"7":9,"8":9,"9":8,"10":1,"11":1,"12":10,"13":10,"14":10,"15":10,"16":1,"17":2},"f":{"0":6,"1":2,"2":2,"3":10,"4":10,"5":2},"b":{"0":[1,9],"1":[8,1]},"_coverageSchema":"1a1c01bbd47fc00a2c39e90264f33305004495a9","hash":"8ce14ea65017db223ff3fd06cbf48b0d33a56dd9"}
}
