TN:
SF:src/genDiff.js
FN:1,(anonymous_0)
FN:5,(anonymous_1)
FN:9,(anonymous_2)
FNF:3
FNH:3
FNDA:3,(anonymous_0)
FNDA:12,(anonymous_1)
FNDA:8,(anonymous_2)
DA:1,1
DA:2,3
DA:5,12
DA:7,3
DA:9,3
DA:10,8
DA:11,8
DA:13,8
DA:14,8
DA:15,1
DA:17,7
DA:18,7
DA:22,3
LF:13
LH:13
BRDA:14,0,0,1
BRDA:14,0,1,7
BRDA:17,1,0,5
BRDA:17,1,1,2
BRDA:18,2,0,4
BRDA:18,2,1,3
BRF:6
BRH:6
end_of_record
TN:
SF:src/parsers.js
FN:7,(anonymous_0)
FN:8,(anonymous_1)
FN:9,(anonymous_2)
FN:12,(anonymous_3)
FN:21,(anonymous_4)
FN:28,(anonymous_5)
FNF:6
FNH:6
FNDA:4,(anonymous_0)
FNDA:2,(anonymous_1)
FNDA:2,(anonymous_2)
FNDA:8,(anonymous_3)
FNDA:8,(anonymous_4)
FNDA:2,(anonymous_5)
DA:6,1
DA:7,4
DA:8,2
DA:9,2
DA:12,1
DA:13,8
DA:15,8
DA:16,8
DA:18,1
DA:21,1
DA:22,8
DA:23,8
DA:24,8
DA:25,8
DA:28,1
DA:29,2
LF:16
LH:16
BRDA:13,0,0,0
BRDA:13,0,1,8
BRDA:16,1,0,7
BRDA:16,1,1,1
BRF:4
BRH:3
end_of_record
