TN:
SF:src/genDiff.js
FN:4,(anonymous_0)
FN:8,(anonymous_1)
FN:34,(anonymous_2)
FNF:3
FNH:3
FNDA:12,(anonymous_0)
FNDA:37,(anonymous_1)
FNDA:2,(anonymous_2)
DA:4,1
DA:5,12
DA:7,12
DA:8,11
DA:9,37
DA:10,37
DA:12,37
DA:13,4
DA:16,33
DA:17,10
DA:20,23
DA:21,8
DA:24,15
DA:25,8
DA:28,7
DA:34,1
DA:35,2
DA:36,2
DA:38,1
DA:40,1
LF:20
LH:20
BRDA:7,0,0,1
BRDA:7,0,1,11
BRDA:12,1,0,4
BRDA:12,1,1,33
BRDA:16,2,0,10
BRDA:16,2,1,23
BRDA:20,3,0,8
BRDA:20,3,1,15
BRDA:20,4,0,23
BRDA:20,4,1,10
BRDA:24,5,0,8
BRDA:24,5,1,7
BRDA:34,6,0,1
BRDA:36,7,0,1
BRDA:36,7,1,1
BRF:15
BRH:15
end_of_record
TN:
SF:src/parsers.js
FN:7,(anonymous_0)
FN:8,(anonymous_1)
FN:9,(anonymous_2)
FN:12,(anonymous_3)
FN:19,(anonymous_4)
FN:26,(anonymous_5)
FNF:6
FNH:6
FNDA:2,(anonymous_0)
FNDA:4,(anonymous_1)
FNDA:1,(anonymous_2)
FNDA:7,(anonymous_3)
FNDA:7,(anonymous_4)
FNDA:2,(anonymous_5)
DA:6,1
DA:7,2
DA:8,4
DA:9,1
DA:12,1
DA:13,7
DA:14,7
DA:16,1
DA:19,1
DA:20,7
DA:21,7
DA:22,7
DA:23,7
DA:26,1
DA:27,2
LF:15
LH:15
BRDA:14,0,0,6
BRDA:14,0,1,1
BRF:2
BRH:2
end_of_record
TN:
SF:src/stylish.js
FN:5,(anonymous_0)
FN:6,(anonymous_1)
FN:8,(anonymous_2)
FN:17,(anonymous_3)
FN:24,(anonymous_4)
FN:52,(anonymous_5)
FN:53,(anonymous_6)
FNF:7
FNH:7
FNDA:26,(anonymous_0)
FNDA:12,(anonymous_1)
FNDA:27,(anonymous_2)
FNDA:9,(anonymous_3)
FNDA:19,(anonymous_4)
FNDA:6,(anonymous_5)
FNDA:19,(anonymous_6)
DA:3,2
DA:5,26
DA:6,12
DA:8,2
DA:9,27
DA:10,20
DA:13,7
DA:14,7
DA:16,7
DA:17,7
DA:18,9
DA:21,7
DA:24,2
DA:25,19
DA:26,19
DA:28,19
DA:30,5
DA:33,2
DA:36,3
DA:39,4
DA:45,4
DA:48,1
DA:52,2
DA:53,19
DA:54,5
DA:55,5
LF:26
LH:26
BRDA:9,0,0,20
BRDA:9,0,1,7
BRDA:28,1,0,5
BRDA:28,1,1,2
BRDA:28,1,2,3
BRDA:28,1,3,4
BRDA:28,1,4,4
BRDA:28,1,5,1
BRDA:52,2,0,2
BRF:9
BRH:9
end_of_record
